<?xml version="1.0" encoding="UTF-8"?>
<testng-results ignored="0" total="1" passed="1" failed="0" skipped="0">
  <reporter-output>
  </reporter-output>
  <suite started-at="2023-12-04T13:08:07 EET" name="Surefire suite" finished-at="2023-12-04T13:08:23 EET" duration-ms="15685">
    <groups>
    </groups>
    <test started-at="2023-12-04T13:08:07 EET" name="Surefire test" finished-at="2023-12-04T13:08:23 EET" duration-ms="15685">
      <class name="automationexercise.tests.AutomationExerciseTests">
        <test-method is-config="true" signature="beforeMethod()[pri:0, instance:automationexercise.tests.AutomationExerciseTests@13c10b87]" started-at="2023-12-04T13:08:07 EET" name="beforeMethod" finished-at="2023-12-04T13:08:12 EET" duration-ms="5198" status="PASS">
          <reporter-output>
          </reporter-output>
        </test-method> <!-- beforeMethod -->
        <test-method signature="verifySignUp()[pri:0, instance:automationexercise.tests.AutomationExerciseTests@13c10b87]" started-at="2023-12-04T13:08:12 EET" name="verifySignUp" finished-at="2023-12-04T13:08:23 EET" duration-ms="10264" status="PASS">
          <reporter-output>
          </reporter-output>
        </test-method> <!-- verifySignUp -->
        <test-method is-config="true" signature="afterMethod()[pri:0, instance:automationexercise.tests.AutomationExerciseTests@13c10b87]" started-at="2023-12-04T13:08:23 EET" name="afterMethod" finished-at="2023-12-04T13:08:23 EET" duration-ms="202" status="PASS">
          <reporter-output>
          </reporter-output>
        </test-method> <!-- afterMethod -->
      </class> <!-- automationexercise.tests.AutomationExerciseTests -->
    </test> <!-- Surefire test -->
  </suite> <!-- Surefire suite -->
</testng-results>
