<?xml version="1.0" encoding="UTF-8"?>
<testng-results ignored="0" total="1" passed="1" failed="0" skipped="0">
  <reporter-output>
  </reporter-output>
  <suite started-at="2023-12-10T15:11:34 EET" name="Surefire suite" finished-at="2023-12-10T15:11:54 EET" duration-ms="19999">
    <groups>
    </groups>
    <test started-at="2023-12-10T15:11:34 EET" name="Surefire test" finished-at="2023-12-10T15:11:54 EET" duration-ms="19999">
      <class name="automationexercise.tests.AutomationExerciseTests">
        <test-method is-config="true" signature="beforeClass()[pri:0, instance:automationexercise.tests.AutomationExerciseTests@43301423]" started-at="2023-12-10T15:11:34 EET" name="beforeClass" finished-at="2023-12-10T15:11:34 EET" duration-ms="21" status="PASS">
          <reporter-output>
          </reporter-output>
        </test-method> <!-- beforeClass -->
        <test-method is-config="true" signature="beforeMethod()[pri:0, instance:automationexercise.tests.AutomationExerciseTests@43301423]" started-at="2023-12-10T15:11:34 EET" name="beforeMethod" finished-at="2023-12-10T15:11:40 EET" duration-ms="6052" status="PASS">
          <reporter-output>
          </reporter-output>
        </test-method> <!-- beforeMethod -->
        <test-method signature="verifySignUp()[pri:0, instance:automationexercise.tests.AutomationExerciseTests@43301423]" started-at="2023-12-10T15:11:40 EET" name="verifySignUp" finished-at="2023-12-10T15:11:54 EET" duration-ms="13574" status="PASS">
          <reporter-output>
          </reporter-output>
        </test-method> <!-- verifySignUp -->
        <test-method is-config="true" signature="afterMethod()[pri:0, instance:automationexercise.tests.AutomationExerciseTests@43301423]" started-at="2023-12-10T15:11:54 EET" name="afterMethod" finished-at="2023-12-10T15:11:54 EET" duration-ms="309" status="PASS">
          <reporter-output>
          </reporter-output>
        </test-method> <!-- afterMethod -->
      </class> <!-- automationexercise.tests.AutomationExerciseTests -->
    </test> <!-- Surefire test -->
  </suite> <!-- Surefire suite -->
</testng-results>
